[debug] [2023-12-18T08:52:42.972Z] ----------------------------------------------------------------------
[debug] [2023-12-18T08:52:42.974Z] Command:       C:\Program Files\nodejs\node.exe C:\Users\dhrku\AppData\Roaming\npm\node_modules\firebase-tools\lib\bin\firebase.js init
[debug] [2023-12-18T08:52:42.974Z] CLI Version:   13.0.2
[debug] [2023-12-18T08:52:42.975Z] Platform:      win32
[debug] [2023-12-18T08:52:42.975Z] Node Version:  v18.17.1
[debug] [2023-12-18T08:52:42.975Z] Time:          Mon Dec 18 2023 11:52:42 GMT+0300 (GMT+03:00)
[debug] [2023-12-18T08:52:42.975Z] ----------------------------------------------------------------------
[debug] 
[debug] [2023-12-18T08:52:42.980Z] > command requires scopes: ["email","openid","https://www.googleapis.com/auth/cloudplatformprojects.readonly","https://www.googleapis.com/auth/firebase","https://www.googleapis.com/auth/cloud-platform"]
[debug] [2023-12-18T08:52:42.981Z] > authorizing via signed-in user (dhrkush@gmail.com)
[info] 
     ######## #### ########  ######## ########     ###     ######  ########
     ##        ##  ##     ## ##       ##     ##  ##   ##  ##       ##
     ######    ##  ########  ######   ########  #########  ######  ######
     ##        ##  ##    ##  ##       ##     ## ##     ##       ## ##
     ##       #### ##     ## ######## ########  ##     ##  ######  ########

You're about to initialize a Firebase project in this directory:

  C:\Users\dhrku\Desktop\web-projects\schedule

[info] 
=== Project Setup
[info] 
[info] First, let's associate this project directory with a Firebase project.
[info] You can create multiple project aliases by running firebase use --add, 
[info] but for now we'll just set up a default project.
[info] 
[debug] [2023-12-18T08:52:58.575Z] >>> [apiv2][query] GET https://firebase.googleapis.com/v1beta1/projects pageSize=100
[debug] [2023-12-18T08:52:59.372Z] <<< [apiv2][status] GET https://firebase.googleapis.com/v1beta1/projects 200
[debug] [2023-12-18T08:52:59.372Z] <<< [apiv2][body] GET https://firebase.googleapis.com/v1beta1/projects [omitted]
[info] i  Using project schedule-407918 (Schedule) 
[info] 
=== Hosting Setup
[debug] [2023-12-18T08:53:07.151Z] >>> [apiv2][query] GET https://firebase.googleapis.com/v1beta1/projects/schedule-407918 [none]
[debug] [2023-12-18T08:53:07.634Z] <<< [apiv2][status] GET https://firebase.googleapis.com/v1beta1/projects/schedule-407918 200
[debug] [2023-12-18T08:53:07.634Z] <<< [apiv2][body] GET https://firebase.googleapis.com/v1beta1/projects/schedule-407918 {"projectId":"schedule-407918","projectNumber":"126889920202","displayName":"Schedule","name":"projects/schedule-407918","resources":{"hostingSite":"schedule-407918"},"state":"ACTIVE","etag":"1_5e22643b-2791-4c6f-8e2d-e6f164f97bc1"}
[info] 
[info] Your public directory is the folder (relative to your project directory) that
[info] will contain Hosting assets to be uploaded with firebase deploy. If you
[info] have a build process for your assets, use your build's output directory.
[info] 
[debug] [2023-12-18T08:56:32.412Z] >>> [apiv2][query] GET https://www.gstatic.com/firebasejs/releases.json [none]
[debug] [2023-12-18T08:56:32.721Z] <<< [apiv2][status] GET https://www.gstatic.com/firebasejs/releases.json 200
[debug] [2023-12-18T08:56:32.721Z] <<< [apiv2][body] GET https://www.gstatic.com/firebasejs/releases.json {"current":{"version":"10.7.1","browserURL":"https://www.gstatic.com/firebasejs/10.7.1/firebase.js","packageURL":"https://www.gstatic.com/firebasejs/10.7.1/firebase.tgz"},"live":{"version":"10.7","browserURL":"https://www.gstatic.com/firebasejs/live/10.7/firebase.js","packageURL":"https://www.gstatic.com/firebasejs/live/10.7/firebase.tgz"},"components":{"analytics":"https://www.gstatic.com/firebasejs/10.7.1/firebase-analytics.js","app":"https://www.gstatic.com/firebasejs/10.7.1/firebase-app.js","app-check":"https://www.gstatic.com/firebasejs/10.7.1/firebase-app-check.js","auth":"https://www.gstatic.com/firebasejs/10.7.1/firebase-auth.js","auth/cordova":"https://www.gstatic.com/firebasejs/10.7.1/firebase-auth/cordova.js","functions":"https://www.gstatic.com/firebasejs/10.7.1/firebase-functions.js","firestore":"https://www.gstatic.com/firebasejs/10.7.1/firebase-firestore.js","firestore/lite":"https://www.gstatic.com/firebasejs/10.7.1/firebase-firestore/lite.js","installations":"https://www.gstatic.com/firebasejs/10.7.1/firebase-installations.js","storage":"https://www.gstatic.com/firebasejs/10.7.1/firebase-storage.js","performance":"https://www.gstatic.com/firebasejs/10.7.1/firebase-performance.js","remote-config":"https://www.gstatic.com/firebasejs/10.7.1/firebase-remote-config.js","messaging":"https://www.gstatic.com/firebasejs/10.7.1/firebase-messaging.js","messaging/sw":"https://www.gstatic.com/firebasejs/10.7.1/firebase-messaging/sw.js","database":"https://www.gstatic.com/firebasejs/10.7.1/firebase-database.js","firestore.memory":"https://www.gstatic.com/firebasejs/10.7.1/firebase-firestore.memory.js"}}
[info] i  Skipping write of public/index.html 
[info] 
[info] i  Detected a .git folder at C:\Users\dhrku\Desktop\web-projects 
[info] i  Authorizing with GitHub to upload your service account to a GitHub repository's secrets store. 
[info] 
[info] Visit this URL on this device to log in:
[info] https://github.com/login/oauth/authorize?client_id=89cf50f02ac6aaed3484&state=300857406&redirect_uri=http%3A%2F%2Flocalhost%3A9005&scope=read%3Auser%20repo%20public_repo
[info] 
[info] Waiting for authentication...
[debug] [2023-12-18T08:58:14.128Z] >>> [apiv2][query] POST https://github.com/login/oauth/access_token [none]
[debug] [2023-12-18T08:58:14.128Z] >>> [apiv2][body] POST https://github.com/login/oauth/access_token [stream]
[debug] [2023-12-18T08:58:14.775Z] <<< [apiv2][status] POST https://github.com/login/oauth/access_token 200
[debug] [2023-12-18T08:58:14.775Z] <<< [apiv2][body] POST https://github.com/login/oauth/access_token {"access_token":"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","token_type":"bearer","scope":"read:user,repo"}
[debug] [2023-12-18T08:58:14.779Z] >>> [apiv2][query] GET https://api.github.com/user [none]
[debug] [2023-12-18T08:58:15.334Z] <<< [apiv2][status] GET https://api.github.com/user 200
[debug] [2023-12-18T08:58:15.334Z] <<< [apiv2][body] GET https://api.github.com/user {"login":"Kushnear","id":33008343,"node_id":"MDQ6VXNlcjMzMDA4MzQz","avatar_url":"https://avatars.githubusercontent.com/u/33008343?v=4","gravatar_id":"","url":"https://api.github.com/users/Kushnear","html_url":"https://github.com/Kushnear","followers_url":"https://api.github.com/users/Kushnear/followers","following_url":"https://api.github.com/users/Kushnear/following{/other_user}","gists_url":"https://api.github.com/users/Kushnear/gists{/gist_id}","starred_url":"https://api.github.com/users/Kushnear/starred{/owner}{/repo}","subscriptions_url":"https://api.github.com/users/Kushnear/subscriptions","organizations_url":"https://api.github.com/users/Kushnear/orgs","repos_url":"https://api.github.com/users/Kushnear/repos","events_url":"https://api.github.com/users/Kushnear/events{/privacy}","received_events_url":"https://api.github.com/users/Kushnear/received_events","type":"User","site_admin":false,"name":"Dmitry Kushnir","company":null,"blog":"","location":null,"email":null,"hireable":null,"bio":null,"twitter_username":null,"public_repos":8,"public_gists":0,"followers":1,"following":1,"created_at":"2017-10-22T19:49:15Z","updated_at":"2023-12-18T08:57:58Z","private_gists":0,"total_private_repos":5,"owned_private_repos":5,"disk_usage":14969,"collaborators":0,"two_factor_authentication":false,"plan":{"name":"free","space":976562499,"collaborators":0,"private_repos":10000}}
[info] 
[info] +  Success! Logged into GitHub as Kushnear 
[info] 
